<?xml version="1.0" encoding="UTF-8"?>
<!-- Generated by org.testng.reporters.JUnitXMLReporter -->
<testsuite ignored="0" hostname="sujit" failures="0" tests="4" name="Default test" time="7.903" errors="0" timestamp="2024-02-17T12:32:58 IST">
  <testcase classname="api.test.UserTest" name="creatUserTest" time="3.475"/>
  <testcase classname="api.test.UserTest" name="updateUserTest" time="1.471"/>
  <testcase classname="api.test.UserTest" name="getUserTest" time="1.207"/>
  <testcase classname="api.test.UserTest" name="deleteUserTest" time="1.354"/>
</testsuite> <!-- Default test -->
