<?xml version="1.0" encoding="UTF-8"?>
<!-- Generated by org.testng.reporters.JUnitXMLReporter -->
<testsuite ignored="1" hostname="sujit" failures="1" tests="3" name="Test" time="7.725" errors="0" timestamp="2024-02-18T12:16:48 IST">
  <testcase classname="api.test.UserTest" name="creatUserTest" time="3.62">
    <failure type="java.lang.AssertionError" message="expected [201] but found [200]">
      <![CDATA[java.lang.AssertionError: expected [201] but found [200]
at api.test.UserTest.creatUserTest(UserTest.java:46)
at java.base/java.util.ArrayList.forEach(ArrayList.java:1511)
... Removed 34 stack frames]]>
    </failure>
  </testcase> <!-- creatUserTest -->
  <testcase classname="api.test.UserTest" name="getUserTest" time="1.472"/>
  <testcase classname="api.test.UserTest" name="deleteUserTest" time="1.376"/>
  <testcase classname="api.test.UserTest" name="updateUserTest" time="0.0">
    <ignored/>
  </testcase> <!-- updateUserTest -->
</testsuite> <!-- Test -->
